<?xml version="1.0" encoding="UTF-8"?>
<testsuite name="scalaVsJava.repeatedParamsVsVarargs.Varargs" tests="1" skipped="0" failures="0" errors="0" timestamp="2015-05-14T14:13:21" hostname="CNtwer-2.local" time="0.001">
  <properties/>
  <testcase name="the_varargs_parameter_is_always_interpreted_as_an_array_of_the_type" classname="scalaVsJava.repeatedParamsVsVarargs.Varargs" time="0.001"/>
  <system-out><![CDATA[]]></system-out>
  <system-err><![CDATA[]]></system-err>
</testsuite>
